<?xml  version="1.0" encoding="UTF-8"?>
<beans xmlns="http://www.springframework.org/schema/beans"

	xmlns:xsi="http://www.w3.org/2001/XMLSchema-instance" xmlns:aop="http://www.springframework.org/schema/aop"

	xmlns:context="http://www.springframework.org/schema/context"

	xmlns:jee="http://www.springframework.org/schema/jee" xmlns:lang="http://www.springframework.org/schema/lang"

	xmlns:p="http://www.springframework.org/schema/p" xmlns:tx="http://www.springframework.org/schema/tx"

	xmlns:util="http://www.springframework.org/schema/util"

	xsi:schemaLocation="http://www.springframework.org/schema/beans http://www.springframework.org/schema/beans/spring-beans.xsd

        http://www.springframework.org/schema/aop http://www.springframework.org/schema/aop/spring-aop.xsd

        http://www.springframework.org/schema/context http://www.springframework.org/schema/context/spring-context.xsd

        http://www.springframework.org/schema/jee http://www.springframework.org/schema/jee/spring-jee.xsd

        http://www.springframework.org/schema/lang http://www.springframework.org/schema/lang/spring-lang.xsd

        http://www.springframework.org/schema/tx http://www.springframework.org/schema/tx/spring-tx.xsd

        http://www.springframework.org/schema/util http://www.springframework.org/schema/util/spring-util.xsd">
<context:annotation-config />

	<context:component-scan

		base-package="com.weather.bo">

	</context:component-scan>

	<context:spring-configured />

	

<context:annotation-config />

	<context:component-scan

		base-package="com.weather.persistence">

		<context:include-filter type="annotation"

			expression="org.springframework.stereotype.Repository" />

	</context:component-scan>

	<context:spring-configured />
	
	<bean
		class="org.springframework.beans.factory.config.PropertyPlaceholderConfigurer">
		<property name="location">
			<value>classpath:database.properties</value>
		</property>
	</bean>



	<bean id="dataSource"

		class="org.springframework.jdbc.datasource.DriverManagerDataSource">

		<property name="driverClassName" value="com.mysql.jdbc.Driver" />
		<property name="url" value="jdbc:mysql://us-cdbr-cb-east-01.cleardb.net:3306/cb_waadtestdb" />
		<property name="username" value="b7c8f368b6ea7e" />
		<property name="password" value="1f54ca8d" />
	</bean>


	<bean
		class="org.springframework.orm.jpa.LocalContainerEntityManagerFactoryBean"

		id="entityManagerFactory">

		<property name="dataSource" ref="dataSource" />
		
		 <property name="jpaProperties">

         <props>

            <prop key="hibernate.hbm2ddl.auto">update</prop>

            <prop key="hibernate.dialect">org.hibernate.dialect.MySQL5Dialect</prop>

         </props>

      </property>
		

	</bean>

	<bean class="org.springframework.orm.jpa.JpaTransactionManager"

		id="transactionManager">

		<property name="entityManagerFactory" ref="entityManagerFactory" />

	</bean>

	<tx:annotation-driven transaction-manager="transactionManager" />


</beans>